2019-10-07 20:14:52,280 INFO com.interview.test.photoproject.PhotoprojectApplication [main] Starting PhotoprojectApplication on HQWX-CVERMA1 with PID 20516 (started by cverma in C:\Users\cverma\OneDrive - Rambus\Documents\photoproject)
2019-10-07 20:14:52,282 DEBUG com.interview.test.photoproject.PhotoprojectApplication [main] Running with Spring Boot v2.1.9.RELEASE, Spring v5.1.10.RELEASE
2019-10-07 20:14:52,283 INFO com.interview.test.photoproject.PhotoprojectApplication [main] No active profile set, falling back to default profiles: default
2019-10-07 20:14:53,052 INFO org.springframework.data.repository.config.RepositoryConfigurationDelegate [main] Bootstrapping Spring Data repositories in DEFAULT mode.
2019-10-07 20:14:53,150 INFO org.springframework.data.repository.config.RepositoryConfigurationDelegate [main] Finished Spring Data repository scanning in 88ms. Found 3 repository interfaces.
2019-10-07 20:14:53,965 INFO org.springframework.context.support.PostProcessorRegistrationDelegate$BeanPostProcessorChecker [main] Bean 'org.springframework.transaction.annotation.ProxyTransactionManagementConfiguration' of type [org.springframework.transaction.annotation.ProxyTransactionManagementConfiguration$$EnhancerBySpringCGLIB$$fe70cb95] is not eligible for getting processed by all BeanPostProcessors (for example: not eligible for auto-proxying)
2019-10-07 20:14:54,003 INFO org.springframework.context.support.PostProcessorRegistrationDelegate$BeanPostProcessorChecker [main] Bean 'org.springframework.hateoas.config.HateoasConfiguration' of type [org.springframework.hateoas.config.HateoasConfiguration$$EnhancerBySpringCGLIB$$7df118c7] is not eligible for getting processed by all BeanPostProcessors (for example: not eligible for auto-proxying)
2019-10-07 20:14:54,318 INFO org.springframework.boot.web.embedded.tomcat.TomcatWebServer [main] Tomcat initialized with port(s): 8080 (http)
2019-10-07 20:14:54,352 INFO org.apache.catalina.core.StandardService [main] Starting service [Tomcat]
2019-10-07 20:14:54,352 INFO org.apache.catalina.core.StandardEngine [main] Starting Servlet engine: [Apache Tomcat/9.0.26]
2019-10-07 20:14:54,636 INFO org.apache.jasper.servlet.TldScanner [main] At least one JAR was scanned for TLDs yet contained no TLDs. Enable debug logging for this logger for a complete list of JARs that were scanned but no TLDs were found in them. Skipping unneeded JARs during scanning can improve startup time and JSP compilation time.
2019-10-07 20:14:54,642 INFO org.apache.catalina.core.ContainerBase.[Tomcat].[localhost].[/] [main] Initializing Spring embedded WebApplicationContext
2019-10-07 20:14:54,642 INFO org.springframework.web.context.ContextLoader [main] Root WebApplicationContext: initialization completed in 2301 ms
2019-10-07 20:14:55,254 INFO com.zaxxer.hikari.HikariDataSource [main] HikariPool-1 - Starting...
2019-10-07 20:14:55,450 INFO com.zaxxer.hikari.HikariDataSource [main] HikariPool-1 - Start completed.
2019-10-07 20:14:55,523 INFO org.hibernate.jpa.internal.util.LogHelper [main] HHH000204: Processing PersistenceUnitInfo [
	name: default
	...]
2019-10-07 20:14:55,602 INFO org.hibernate.Version [main] HHH000412: Hibernate Core {5.3.12.Final}
2019-10-07 20:14:55,603 INFO org.hibernate.cfg.Environment [main] HHH000206: hibernate.properties not found
2019-10-07 20:14:55,759 INFO org.hibernate.annotations.common.Version [main] HCANN000001: Hibernate Commons Annotations {5.0.4.Final}
2019-10-07 20:14:55,961 INFO org.hibernate.dialect.Dialect [main] HHH000400: Using dialect: org.hibernate.dialect.H2Dialect
2019-10-07 20:14:56,717 INFO org.hibernate.tool.schema.internal.SchemaCreatorImpl [main] HHH000476: Executing import script 'org.hibernate.tool.schema.internal.exec.ScriptSourceInputNonExistentImpl@7472cf8f'
2019-10-07 20:14:56,719 INFO org.springframework.orm.jpa.LocalContainerEntityManagerFactoryBean [main] Initialized JPA EntityManagerFactory for persistence unit 'default'
2019-10-07 20:14:57,572 WARN org.springframework.boot.autoconfigure.orm.jpa.JpaBaseConfiguration$JpaWebConfiguration$JpaWebMvcConfiguration [main] spring.jpa.open-in-view is enabled by default. Therefore, database queries may be performed during view rendering. Explicitly configure spring.jpa.open-in-view to disable this warning
2019-10-07 20:14:57,724 INFO org.springframework.boot.actuate.endpoint.web.EndpointLinksResolver [main] Exposing 2 endpoint(s) beneath base path '/actuator'
2019-10-07 20:14:57,740 INFO org.springframework.security.web.DefaultSecurityFilterChain [main] Creating filter chain: any request, [org.springframework.security.web.context.request.async.WebAsyncManagerIntegrationFilter@4d070ae4, org.springframework.security.web.context.SecurityContextPersistenceFilter@76a211ee, org.springframework.security.web.header.HeaderWriterFilter@3412ece7, org.springframework.web.filter.CorsFilter@118bfb0e, org.springframework.security.web.authentication.logout.LogoutFilter@62849522, org.springframework.security.web.authentication.UsernamePasswordAuthenticationFilter@4b67fdd4, org.springframework.security.web.savedrequest.RequestCacheAwareFilter@24ae9166, org.springframework.security.web.servletapi.SecurityContextHolderAwareRequestFilter@6624e693, org.springframework.security.web.authentication.AnonymousAuthenticationFilter@157dadb9, org.springframework.security.web.session.SessionManagementFilter@3acd8466, org.springframework.security.web.access.ExceptionTranslationFilter@24e21f5b, org.springframework.security.web.access.intercept.FilterSecurityInterceptor@5f6b7b1b]
2019-10-07 20:14:57,931 INFO org.springframework.scheduling.concurrent.ThreadPoolTaskExecutor [main] Initializing ExecutorService 'applicationTaskExecutor'
2019-10-07 20:14:58,405 INFO org.springframework.boot.web.embedded.tomcat.TomcatWebServer [main] Tomcat started on port(s): 8080 (http) with context path ''
2019-10-07 20:14:58,409 INFO com.interview.test.photoproject.PhotoprojectApplication [main] Started PhotoprojectApplication in 6.601 seconds (JVM running for 16.512)
