2019-10-08 00:00:46,797 INFO com.interview.test.web.UserController [http-nio-9091-exec-8] Calling registrations ...
2019-10-08 00:00:46,816 INFO com.interview.test.web.UserController [http-nio-9091-exec-8] registrations completed...
2019-10-08 00:01:40,635 INFO com.interview.test.web.UserController [http-nio-9091-exec-3] Calling registrations ...
2019-10-08 00:01:40,637 INFO com.interview.test.validator.UserValidator [http-nio-9091-exec-3] User validation called with user objects 
2019-10-08 00:01:40,875 INFO com.interview.test.web.UserController [http-nio-9091-exec-3] Saving registrations with users details...
2019-10-08 00:01:40,875 INFO com.interview.test.service.UserServiceImpl [http-nio-9091-exec-3] Saving user in database...
2019-10-08 00:01:41,049 INFO com.interview.test.service.SecurityServiceImpl [http-nio-9091-exec-3] Auto login iwth matching user and password token ....
2019-10-08 00:01:41,057 INFO com.interview.test.service.UserDetailsServiceImpl [http-nio-9091-exec-3] Load users from database with username provided...
2019-10-08 00:01:41,171 INFO com.interview.test.service.UserDetailsServiceImpl [http-nio-9091-exec-3] Load users from database with username provided...
2019-10-08 00:01:41,281 DEBUG com.interview.test.service.SecurityServiceImpl [http-nio-9091-exec-3] Auto login chandra successfully!
2019-10-08 00:02:14,401 INFO com.interview.test.web.PhotoController [http-nio-9091-exec-5] Logged in User Details: chandra
2019-10-08 00:02:14,403 INFO com.interview.test.web.PhotoController [http-nio-9091-exec-5] Photo uploadPhoto started ...   
2019-10-08 00:02:14,404 INFO com.interview.test.web.PhotoController [http-nio-9091-exec-5] Saving photo details to database: sun.jpg 
2019-10-08 00:02:14,419 INFO com.interview.test.web.PhotoController [http-nio-9091-exec-5]  Photo saved successfully returning response code - sun.jpg
2019-10-08 00:03:58,229 INFO com.interview.test.web.PhotoController [http-nio-9091-exec-1] Logged in User Details: chandra
2019-10-08 00:03:58,230 INFO com.interview.test.web.PhotoController [http-nio-9091-exec-1] Photo uploadPhoto started ...   
2019-10-08 00:03:58,231 INFO com.interview.test.web.PhotoController [http-nio-9091-exec-1] Saving photo details to database: flowers.jpg 
2019-10-08 00:03:58,236 INFO com.interview.test.web.PhotoController [http-nio-9091-exec-1]  Photo saved successfully returning response code - flowers.jpg
2019-10-08 00:05:25,949 INFO com.interview.test.photoproject.PhotoprojectApplication [main] Photo Application starting .......
2019-10-08 00:05:26,743 INFO com.interview.test.photoproject.PhotoprojectApplication [main] Starting PhotoprojectApplication on DESKTOP-U28C334 with PID 13720 (C:\Users\hp\OneDrive\Documents\photoproject\photoproject\target\classes started by hp in C:\Users\hp\OneDrive\Documents\photoproject\photoproject)
2019-10-08 00:05:26,743 DEBUG com.interview.test.photoproject.PhotoprojectApplication [main] Running with Spring Boot v2.1.9.RELEASE, Spring v5.1.10.RELEASE
2019-10-08 00:05:26,743 INFO com.interview.test.photoproject.PhotoprojectApplication [main] No active profile set, falling back to default profiles: default
2019-10-08 00:05:35,391 INFO com.interview.test.photoproject.PhotoprojectApplication [main] Started PhotoprojectApplication in 9.323 seconds (JVM running for 14.327)
2019-10-08 00:06:06,277 INFO com.interview.test.web.UserController [http-nio-8080-exec-2] Login  endpoints called with ...
2019-10-08 00:06:07,611 INFO com.interview.test.service.UserDetailsServiceImpl [http-nio-8080-exec-6] Load users from database with username provided...
2019-10-08 00:06:08,000 INFO com.interview.test.web.UserController [http-nio-8080-exec-7] Login  endpoints called with ...
2019-10-08 00:06:08,001 ERROR com.interview.test.web.UserController [http-nio-8080-exec-7] Your username and password is invalid
2019-10-08 00:06:12,319 INFO com.interview.test.web.UserController [http-nio-8080-exec-1] Calling registrations ...
2019-10-08 00:06:12,320 INFO com.interview.test.web.UserController [http-nio-8080-exec-1] registrations completed...
2019-10-08 00:06:23,166 INFO com.interview.test.web.UserController [http-nio-8080-exec-4] Calling registrations ...
2019-10-08 00:06:23,168 INFO com.interview.test.validator.UserValidator [http-nio-8080-exec-4] User validation called with user objects 
2019-10-08 00:06:23,172 INFO com.interview.test.web.UserController [http-nio-8080-exec-4] Saving registrations with users details...
2019-10-08 00:06:23,172 INFO com.interview.test.service.UserServiceImpl [http-nio-8080-exec-4] Saving user in database...
2019-10-08 00:06:23,322 INFO com.interview.test.service.SecurityServiceImpl [http-nio-8080-exec-4] Auto login iwth matching user and password token ....
2019-10-08 00:06:23,322 INFO com.interview.test.service.UserDetailsServiceImpl [http-nio-8080-exec-4] Load users from database with username provided...
2019-10-08 00:06:23,328 INFO com.interview.test.service.UserDetailsServiceImpl [http-nio-8080-exec-4] Load users from database with username provided...
2019-10-08 00:06:23,420 DEBUG com.interview.test.service.SecurityServiceImpl [http-nio-8080-exec-4] Auto login chandra successfully!
2019-10-08 00:06:23,924 INFO com.interview.test.web.PhotoController [http-nio-8080-exec-9] Photo getPhoto started ...   
2019-10-08 00:06:28,532 INFO com.interview.test.web.PhotoController [http-nio-8080-exec-10] Logged in User Details: chandra
2019-10-08 00:06:28,535 INFO com.interview.test.web.PhotoController [http-nio-8080-exec-10] Photo uploadPhoto started ...   
2019-10-08 00:06:28,536 INFO com.interview.test.web.PhotoController [http-nio-8080-exec-10] Saving photo details to database: sun.jpg 
2019-10-08 00:06:28,555 INFO com.interview.test.web.PhotoController [http-nio-8080-exec-10]  Photo saved successfully returning response code - sun.jpg
2019-10-08 00:06:30,944 INFO com.interview.test.web.PhotoController [http-nio-8080-exec-5] Photo getPhoto started ...   
2019-10-08 00:06:31,015 INFO com.interview.test.web.PhotoController [http-nio-8080-exec-4] Photo getPhoto started ...   
2019-10-08 00:06:31,015 DEBUG com.interview.test.web.PhotoController [http-nio-8080-exec-4] Retrieving photo with id  : 1
2019-10-08 00:06:31,029 DEBUG com.interview.test.web.PhotoController [http-nio-8080-exec-4] Retrieved  photo with id  : 1 , name sun.jpg 
2019-10-08 00:06:31,029 INFO com.interview.test.web.PhotoController [http-nio-8080-exec-4] GetPhoto ended...   
2019-10-08 00:06:32,795 INFO com.interview.test.web.PhotoController [http-nio-8080-exec-6] Logged in User Details: chandra
2019-10-08 00:06:32,801 INFO com.interview.test.web.PhotoController [http-nio-8080-exec-6] Photo uploadPhoto started ...   
2019-10-08 00:06:32,802 INFO com.interview.test.web.PhotoController [http-nio-8080-exec-6] Saving photo details to database: sun.jpg 
2019-10-08 00:06:32,805 INFO com.interview.test.web.PhotoController [http-nio-8080-exec-6]  Photo saved successfully returning response code - sun.jpg
2019-10-08 00:06:35,414 INFO com.interview.test.web.PhotoController [http-nio-8080-exec-9] Photo getPhoto started ...   
2019-10-08 00:06:35,450 INFO com.interview.test.web.PhotoController [http-nio-8080-exec-10] Photo getPhoto started ...   
2019-10-08 00:06:35,452 INFO com.interview.test.web.PhotoController [http-nio-8080-exec-1] Photo getPhoto started ...   
2019-10-08 00:06:35,455 DEBUG com.interview.test.web.PhotoController [http-nio-8080-exec-1] Retrieving photo with id  : 2
2019-10-08 00:06:35,455 DEBUG com.interview.test.web.PhotoController [http-nio-8080-exec-10] Retrieving photo with id  : 1
2019-10-08 00:06:35,463 DEBUG com.interview.test.web.PhotoController [http-nio-8080-exec-1] Retrieved  photo with id  : 2 , name sun.jpg 
2019-10-08 00:06:35,463 INFO com.interview.test.web.PhotoController [http-nio-8080-exec-1] GetPhoto ended...   
2019-10-08 00:06:35,466 DEBUG com.interview.test.web.PhotoController [http-nio-8080-exec-10] Retrieved  photo with id  : 1 , name sun.jpg 
2019-10-08 00:06:35,467 INFO com.interview.test.web.PhotoController [http-nio-8080-exec-10] GetPhoto ended...   
2019-10-08 00:06:45,750 INFO com.interview.test.web.UserController [http-nio-8080-exec-2] Login  endpoints called with ...
2019-10-08 00:06:45,752 INFO com.interview.test.web.UserController [http-nio-8080-exec-2] logged out successfully
2019-10-08 00:07:40,941 INFO com.interview.test.photoproject.PhotoprojectApplication [main] Photo Application starting .......
2019-10-08 00:07:41,696 INFO com.interview.test.photoproject.PhotoprojectApplication [main] Starting PhotoprojectApplication on DESKTOP-U28C334 with PID 7600 (C:\Users\hp\OneDrive\Documents\photoproject\photoproject\target\classes started by hp in C:\Users\hp\OneDrive\Documents\photoproject\photoproject)
2019-10-08 00:07:41,697 DEBUG com.interview.test.photoproject.PhotoprojectApplication [main] Running with Spring Boot v2.1.9.RELEASE, Spring v5.1.10.RELEASE
2019-10-08 00:07:41,697 INFO com.interview.test.photoproject.PhotoprojectApplication [main] No active profile set, falling back to default profiles: default
2019-10-08 00:07:50,390 INFO com.interview.test.photoproject.PhotoprojectApplication [main] Started PhotoprojectApplication in 9.327 seconds (JVM running for 14.273)
2019-10-08 00:08:36,336 INFO com.interview.test.web.UserController [http-nio-8080-exec-1] Calling registrations ...
2019-10-08 00:08:36,339 INFO com.interview.test.web.UserController [http-nio-8080-exec-1] registrations completed...
2019-10-08 00:08:47,396 INFO com.interview.test.web.UserController [http-nio-8080-exec-5] Calling registrations ...
2019-10-08 00:08:47,398 INFO com.interview.test.validator.UserValidator [http-nio-8080-exec-5] User validation called with user objects 
2019-10-08 00:08:47,629 INFO com.interview.test.web.UserController [http-nio-8080-exec-5] Saving registrations with users details...
2019-10-08 00:08:47,629 INFO com.interview.test.service.UserServiceImpl [http-nio-8080-exec-5] Saving user in database...
2019-10-08 00:08:47,792 INFO com.interview.test.service.SecurityServiceImpl [http-nio-8080-exec-5] Auto login iwth matching user and password token ....
2019-10-08 00:08:47,798 INFO com.interview.test.service.UserDetailsServiceImpl [http-nio-8080-exec-5] Load users from database with username provided...
2019-10-08 00:08:47,895 INFO com.interview.test.service.UserDetailsServiceImpl [http-nio-8080-exec-5] Load users from database with username provided...
2019-10-08 00:08:47,977 DEBUG com.interview.test.service.SecurityServiceImpl [http-nio-8080-exec-5] Auto login chandra successfully!
2019-10-08 00:08:48,559 INFO com.interview.test.web.PhotoController [http-nio-8080-exec-9] Photo getPhoto started ...   
2019-10-08 00:08:53,586 INFO com.interview.test.web.PhotoController [http-nio-8080-exec-10] Logged in User Details: chandra
2019-10-08 00:08:53,588 INFO com.interview.test.web.PhotoController [http-nio-8080-exec-10] Photo uploadPhoto started ...   
2019-10-08 00:08:53,590 INFO com.interview.test.web.PhotoController [http-nio-8080-exec-10] Saving photo details to database: cups.jpg 
2019-10-08 00:08:53,608 INFO com.interview.test.web.PhotoController [http-nio-8080-exec-10]  Photo saved successfully returning response code - cups.jpg
2019-10-08 00:08:55,877 INFO com.interview.test.web.PhotoController [http-nio-8080-exec-4] Photo getPhoto started ...   
2019-10-08 00:08:55,964 INFO com.interview.test.web.PhotoController [http-nio-8080-exec-2] Photo getPhoto started ...   
2019-10-08 00:08:55,964 DEBUG com.interview.test.web.PhotoController [http-nio-8080-exec-2] Retrieving photo with id  : 1
2019-10-08 00:08:55,982 DEBUG com.interview.test.web.PhotoController [http-nio-8080-exec-2] Retrieved  photo with id  : 1 , name cups.jpg 
2019-10-08 00:08:55,983 INFO com.interview.test.web.PhotoController [http-nio-8080-exec-2] GetPhoto ended...   
2019-10-08 00:09:00,255 INFO com.interview.test.web.PhotoController [http-nio-8080-exec-5] Logged in User Details: chandra
2019-10-08 00:09:00,256 INFO com.interview.test.web.PhotoController [http-nio-8080-exec-5] Photo uploadPhoto started ...   
2019-10-08 00:09:00,257 INFO com.interview.test.web.PhotoController [http-nio-8080-exec-5] Saving photo details to database: flowers.jpg 
2019-10-08 00:09:00,264 INFO com.interview.test.web.PhotoController [http-nio-8080-exec-5]  Photo saved successfully returning response code - flowers.jpg
2019-10-08 00:09:02,124 INFO com.interview.test.web.PhotoController [http-nio-8080-exec-7] Photo getPhoto started ...   
2019-10-08 00:09:02,155 INFO com.interview.test.web.PhotoController [http-nio-8080-exec-10] Photo getPhoto started ...   
2019-10-08 00:09:02,161 DEBUG com.interview.test.web.PhotoController [http-nio-8080-exec-10] Retrieving photo with id  : 2
2019-10-08 00:09:02,156 INFO com.interview.test.web.PhotoController [http-nio-8080-exec-9] Photo getPhoto started ...   
2019-10-08 00:09:02,163 DEBUG com.interview.test.web.PhotoController [http-nio-8080-exec-10] Retrieved  photo with id  : 2 , name flowers.jpg 
2019-10-08 00:09:02,171 INFO com.interview.test.web.PhotoController [http-nio-8080-exec-10] GetPhoto ended...   
2019-10-08 00:09:02,171 DEBUG com.interview.test.web.PhotoController [http-nio-8080-exec-9] Retrieving photo with id  : 1
2019-10-08 00:09:02,178 DEBUG com.interview.test.web.PhotoController [http-nio-8080-exec-9] Retrieved  photo with id  : 1 , name cups.jpg 
2019-10-08 00:09:02,179 INFO com.interview.test.web.PhotoController [http-nio-8080-exec-9] GetPhoto ended...   
2019-10-08 00:09:07,284 INFO com.interview.test.web.PhotoController [http-nio-8080-exec-1] Logged in User Details: chandra
2019-10-08 00:09:07,289 INFO com.interview.test.web.PhotoController [http-nio-8080-exec-1] Photo uploadPhoto started ...   
2019-10-08 00:09:07,289 INFO com.interview.test.web.PhotoController [http-nio-8080-exec-1] Saving photo details to database: sun.jpg 
2019-10-08 00:09:07,292 INFO com.interview.test.web.PhotoController [http-nio-8080-exec-1]  Photo saved successfully returning response code - sun.jpg
2019-10-08 00:09:09,542 INFO com.interview.test.web.PhotoController [http-nio-8080-exec-5] Photo getPhoto started ...   
2019-10-08 00:09:09,567 INFO com.interview.test.web.PhotoController [http-nio-8080-exec-6] Photo getPhoto started ...   
2019-10-08 00:09:09,570 INFO com.interview.test.web.PhotoController [http-nio-8080-exec-8] Photo getPhoto started ...   
2019-10-08 00:09:09,571 DEBUG com.interview.test.web.PhotoController [http-nio-8080-exec-6] Retrieving photo with id  : 1
2019-10-08 00:09:09,568 INFO com.interview.test.web.PhotoController [http-nio-8080-exec-7] Photo getPhoto started ...   
2019-10-08 00:09:09,572 DEBUG com.interview.test.web.PhotoController [http-nio-8080-exec-8] Retrieving photo with id  : 2
2019-10-08 00:09:09,573 DEBUG com.interview.test.web.PhotoController [http-nio-8080-exec-7] Retrieving photo with id  : 3
2019-10-08 00:09:09,574 DEBUG com.interview.test.web.PhotoController [http-nio-8080-exec-8] Retrieved  photo with id  : 2 , name flowers.jpg 
2019-10-08 00:09:09,575 DEBUG com.interview.test.web.PhotoController [http-nio-8080-exec-6] Retrieved  photo with id  : 1 , name cups.jpg 
2019-10-08 00:09:09,576 INFO com.interview.test.web.PhotoController [http-nio-8080-exec-8] GetPhoto ended...   
2019-10-08 00:09:09,576 INFO com.interview.test.web.PhotoController [http-nio-8080-exec-6] GetPhoto ended...   
2019-10-08 00:09:09,583 DEBUG com.interview.test.web.PhotoController [http-nio-8080-exec-7] Retrieved  photo with id  : 3 , name sun.jpg 
2019-10-08 00:09:09,583 INFO com.interview.test.web.PhotoController [http-nio-8080-exec-7] GetPhoto ended...   
